[2025-04-20 19:21:54,249][root.tracker][INFO] - Loading weights from deep_sort_pytorch/deep_sort/deep/checkpoint/ckpt.t7... Done!
[2025-04-20 19:28:39,831][root.tracker][INFO] - Loading weights from deep_sort_pytorch/deep_sort/deep/checkpoint/ckpt.t7... Done!
[2025-04-20 19:38:38,581][root.tracker][INFO] - Loading weights from deep_sort_pytorch/deep_sort/deep/checkpoint/ckpt.t7... Done!
[2025-04-20 20:59:07,014][root.tracker][INFO] - Loading weights from deep_sort_pytorch/deep_sort/deep/checkpoint/ckpt.t7... Done!
[2025-04-20 21:10:11,147][root.tracker][INFO] - Loading weights from deep_sort_pytorch/deep_sort/deep/checkpoint/ckpt.t7... Done!
[2025-04-20 21:18:07,964][root.tracker][INFO] - Loading weights from deep_sort_pytorch/deep_sort/deep/checkpoint/ckpt.t7... Done!
[2025-04-20 21:48:23,072][root.tracker][INFO] - Loading weights from deep_sort_pytorch/deep_sort/deep/checkpoint/ckpt.t7... Done!
[2025-04-20 21:49:47,014][root.tracker][INFO] - Loading weights from deep_sort_pytorch/deep_sort/deep/checkpoint/ckpt.t7... Done!
[2025-04-21 10:04:03,462][root.tracker][INFO] - Loading weights from deep_sort_pytorch/deep_sort/deep/checkpoint/ckpt.t7... Done!
[2025-04-21 10:07:15,989][root.tracker][INFO] - Loading weights from deep_sort_pytorch/deep_sort/deep/checkpoint/ckpt.t7... Done!
[2025-04-21 10:12:48,162][root.tracker][INFO] - Loading weights from deep_sort_pytorch/deep_sort/deep/checkpoint/ckpt.t7... Done!
[2025-04-21 10:17:35,700][root.tracker][INFO] - Loading weights from deep_sort_pytorch/deep_sort/deep/checkpoint/ckpt.t7... Done!
[2025-04-21 10:28:04,033][root.tracker][INFO] - Loading weights from deep_sort_pytorch/deep_sort/deep/checkpoint/ckpt.t7... Done!
[2025-04-21 10:35:06,452][root.tracker][INFO] - Loading weights from deep_sort_pytorch/deep_sort/deep/checkpoint/ckpt.t7... Done!
[2025-04-21 10:45:05,059][root.tracker][INFO] - Loading weights from deep_sort_pytorch/deep_sort/deep/checkpoint/ckpt.t7... Done!
[2025-04-21 10:52:29,387][root.tracker][INFO] - Loading weights from deep_sort_pytorch/deep_sort/deep/checkpoint/ckpt.t7... Done!
[2025-04-21 11:29:49,160][root.tracker][INFO] - Loading weights from deep_sort_pytorch/deep_sort/deep/checkpoint/ckpt.t7... Done!
[2025-04-21 11:44:32,621][root.tracker][INFO] - Loading weights from deep_sort_pytorch/deep_sort/deep/checkpoint/ckpt.t7... Done!
[2025-04-21 11:49:01,590][root.tracker][INFO] - Loading weights from deep_sort_pytorch/deep_sort/deep/checkpoint/ckpt.t7... Done!
[2025-04-21 11:53:00,318][root.tracker][INFO] - Loading weights from deep_sort_pytorch/deep_sort/deep/checkpoint/ckpt.t7... Done!
[2025-04-21 11:54:33,365][root.tracker][INFO] - Loading weights from deep_sort_pytorch/deep_sort/deep/checkpoint/ckpt.t7... Done!
[2025-04-21 11:58:46,159][root.tracker][INFO] - Loading weights from deep_sort_pytorch/deep_sort/deep/checkpoint/ckpt.t7... Done!
[2025-04-21 12:02:33,480][root.tracker][INFO] - Loading weights from deep_sort_pytorch/deep_sort/deep/checkpoint/ckpt.t7... Done!
[2025-04-21 12:06:28,168][root.tracker][INFO] - Loading weights from deep_sort_pytorch/deep_sort/deep/checkpoint/ckpt.t7... Done!
[2025-04-21 12:14:16,288][root.tracker][INFO] - Loading weights from deep_sort_pytorch/deep_sort/deep/checkpoint/ckpt.t7... Done!
[2025-04-21 12:16:06,630][root.tracker][INFO] - Loading weights from deep_sort_pytorch/deep_sort/deep/checkpoint/ckpt.t7... Done!
[2025-04-21 12:17:07,789][root.tracker][INFO] - Loading weights from deep_sort_pytorch/deep_sort/deep/checkpoint/ckpt.t7... Done!
[2025-04-21 12:18:14,071][root.tracker][INFO] - Loading weights from deep_sort_pytorch/deep_sort/deep/checkpoint/ckpt.t7... Done!
[2025-04-21 12:19:10,350][root.tracker][INFO] - Loading weights from deep_sort_pytorch/deep_sort/deep/checkpoint/ckpt.t7... Done!
[2025-04-21 12:19:43,404][root.tracker][INFO] - Loading weights from deep_sort_pytorch/deep_sort/deep/checkpoint/ckpt.t7... Done!
[2025-04-21 12:20:31,067][root.tracker][INFO] - Loading weights from deep_sort_pytorch/deep_sort/deep/checkpoint/ckpt.t7... Done!
[2025-04-21 12:21:06,918][root.tracker][INFO] - Loading weights from deep_sort_pytorch/deep_sort/deep/checkpoint/ckpt.t7... Done!
[2025-04-21 12:21:37,482][root.tracker][INFO] - Loading weights from deep_sort_pytorch/deep_sort/deep/checkpoint/ckpt.t7... Done!
[2025-04-21 12:25:53,556][root.tracker][INFO] - Loading weights from deep_sort_pytorch/deep_sort/deep/checkpoint/ckpt.t7... Done!
[2025-04-21 12:40:04,174][root.tracker][INFO] - Loading weights from deep_sort_pytorch/deep_sort/deep/checkpoint/ckpt.t7... Done!
[2025-04-22 09:34:07,151][root.tracker][INFO] - Loading weights from deep_sort_pytorch/deep_sort/deep/checkpoint/ckpt.t7... Done!
[2025-04-22 09:35:37,622][root.tracker][INFO] - Loading weights from deep_sort_pytorch/deep_sort/deep/checkpoint/ckpt.t7... Done!
[2025-04-22 10:07:26,388][root.tracker][INFO] - Loading weights from deep_sort_pytorch/deep_sort/deep/checkpoint/ckpt.t7... Done!
[2025-04-22 10:34:45,801][root.tracker][INFO] - Loading weights from deep_sort_pytorch/deep_sort/deep/checkpoint/ckpt.t7... Done!
[2025-04-22 10:58:20,951][root.tracker][INFO] - Loading weights from deep_sort_pytorch/deep_sort/deep/checkpoint/ckpt.t7... Done!
[2025-04-22 12:49:19,163][root.tracker][INFO] - Loading weights from deep_sort_pytorch/deep_sort/deep/checkpoint/ckpt.t7... Done!
[2025-04-25 12:52:00,874][root.tracker][INFO] - Loading weights from deep_sort_pytorch/deep_sort/deep/checkpoint/ckpt.t7... Done!
[2025-04-27 14:10:35,318][root.tracker][INFO] - Loading weights from deep_sort_pytorch/deep_sort/deep/checkpoint/ckpt.t7... Done!
[2025-04-28 09:39:03,441][root.tracker][INFO] - Loading weights from deep_sort_pytorch/deep_sort/deep/checkpoint/ckpt.t7... Done!
[2025-04-28 09:40:55,369][root.tracker][INFO] - Loading weights from deep_sort_pytorch/deep_sort/deep/checkpoint/ckpt.t7... Done!
[2025-04-28 09:42:15,941][root.tracker][INFO] - Loading weights from deep_sort_pytorch/deep_sort/deep/checkpoint/ckpt.t7... Done!
[2025-04-28 09:43:21,243][root.tracker][INFO] - Loading weights from deep_sort_pytorch/deep_sort/deep/checkpoint/ckpt.t7... Done!
[2025-04-28 09:58:19,415][root.tracker][INFO] - Loading weights from deep_sort_pytorch/deep_sort/deep/checkpoint/ckpt.t7... Done!
[2025-04-28 09:59:20,389][root.tracker][INFO] - Loading weights from deep_sort_pytorch/deep_sort/deep/checkpoint/ckpt.t7... Done!
[2025-04-28 10:01:50,296][root.tracker][INFO] - Loading weights from deep_sort_pytorch/deep_sort/deep/checkpoint/ckpt.t7... Done!
[2025-04-28 10:02:27,768][root.tracker][INFO] - Loading weights from deep_sort_pytorch/deep_sort/deep/checkpoint/ckpt.t7... Done!
[2025-04-28 10:03:16,677][root.tracker][INFO] - Loading weights from deep_sort_pytorch/deep_sort/deep/checkpoint/ckpt.t7... Done!
[2025-04-28 10:04:05,867][root.tracker][INFO] - Loading weights from deep_sort_pytorch/deep_sort/deep/checkpoint/ckpt.t7... Done!
[2025-04-28 10:05:01,679][root.tracker][INFO] - Loading weights from deep_sort_pytorch/deep_sort/deep/checkpoint/ckpt.t7... Done!
[2025-04-28 10:17:34,153][root.tracker][INFO] - Loading weights from deep_sort_pytorch/deep_sort/deep/checkpoint/ckpt.t7... Done!
[2025-04-28 10:19:23,366][root.tracker][INFO] - Loading weights from deep_sort_pytorch/deep_sort/deep/checkpoint/ckpt.t7... Done!
[2025-04-28 10:21:33,254][root.tracker][INFO] - Loading weights from deep_sort_pytorch/deep_sort/deep/checkpoint/ckpt.t7... Done!
[2025-04-28 10:22:12,226][root.tracker][INFO] - Loading weights from deep_sort_pytorch/deep_sort/deep/checkpoint/ckpt.t7... Done!
[2025-04-28 10:23:35,763][root.tracker][INFO] - Loading weights from deep_sort_pytorch/deep_sort/deep/checkpoint/ckpt.t7... Done!
[2025-04-28 10:24:18,328][root.tracker][INFO] - Loading weights from deep_sort_pytorch/deep_sort/deep/checkpoint/ckpt.t7... Done!
[2025-04-28 10:25:46,663][root.tracker][INFO] - Loading weights from deep_sort_pytorch/deep_sort/deep/checkpoint/ckpt.t7... Done!
[2025-04-28 10:26:55,794][root.tracker][INFO] - Loading weights from deep_sort_pytorch/deep_sort/deep/checkpoint/ckpt.t7... Done!
[2025-04-28 10:34:02,902][root.tracker][INFO] - Loading weights from deep_sort_pytorch/deep_sort/deep/checkpoint/ckpt.t7... Done!
[2025-04-28 10:35:04,039][root.tracker][INFO] - Loading weights from deep_sort_pytorch/deep_sort/deep/checkpoint/ckpt.t7... Done!
[2025-04-28 10:36:42,008][root.tracker][INFO] - Loading weights from deep_sort_pytorch/deep_sort/deep/checkpoint/ckpt.t7... Done!
[2025-04-28 10:43:37,302][root.tracker][INFO] - Loading weights from deep_sort_pytorch/deep_sort/deep/checkpoint/ckpt.t7... Done!
[2025-04-28 10:44:35,223][root.tracker][INFO] - Loading weights from deep_sort_pytorch/deep_sort/deep/checkpoint/ckpt.t7... Done!
[2025-04-28 10:45:27,128][root.tracker][INFO] - Loading weights from deep_sort_pytorch/deep_sort/deep/checkpoint/ckpt.t7... Done!
[2025-04-28 10:46:02,564][root.tracker][INFO] - Loading weights from deep_sort_pytorch/deep_sort/deep/checkpoint/ckpt.t7... Done!
[2025-04-28 10:47:10,739][root.tracker][INFO] - Loading weights from deep_sort_pytorch/deep_sort/deep/checkpoint/ckpt.t7... Done!
[2025-04-28 10:51:03,739][root.tracker][INFO] - Loading weights from deep_sort_pytorch/deep_sort/deep/checkpoint/ckpt.t7... Done!
[2025-04-28 10:53:10,230][root.tracker][INFO] - Loading weights from deep_sort_pytorch/deep_sort/deep/checkpoint/ckpt.t7... Done!
[2025-04-28 11:25:37,441][root.tracker][INFO] - Loading weights from deep_sort_pytorch/deep_sort/deep/checkpoint/ckpt.t7... Done!
[2025-04-28 11:26:46,228][root.tracker][INFO] - Loading weights from deep_sort_pytorch/deep_sort/deep/checkpoint/ckpt.t7... Done!
[2025-04-28 11:28:24,734][root.tracker][INFO] - Loading weights from deep_sort_pytorch/deep_sort/deep/checkpoint/ckpt.t7... Done!
[2025-04-28 11:30:32,650][root.tracker][INFO] - Loading weights from deep_sort_pytorch/deep_sort/deep/checkpoint/ckpt.t7... Done!
[2025-04-28 11:32:38,776][root.tracker][INFO] - Loading weights from deep_sort_pytorch/deep_sort/deep/checkpoint/ckpt.t7... Done!
[2025-04-28 11:34:08,453][root.tracker][INFO] - Loading weights from deep_sort_pytorch/deep_sort/deep/checkpoint/ckpt.t7... Done!
[2025-04-28 11:34:45,933][root.tracker][INFO] - Loading weights from deep_sort_pytorch/deep_sort/deep/checkpoint/ckpt.t7... Done!
[2025-04-28 11:35:27,400][root.tracker][INFO] - Loading weights from deep_sort_pytorch/deep_sort/deep/checkpoint/ckpt.t7... Done!
[2025-04-28 11:36:48,013][root.tracker][INFO] - Loading weights from deep_sort_pytorch/deep_sort/deep/checkpoint/ckpt.t7... Done!
[2025-04-28 11:38:25,494][root.tracker][INFO] - Loading weights from deep_sort_pytorch/deep_sort/deep/checkpoint/ckpt.t7... Done!
[2025-04-28 11:40:20,032][root.tracker][INFO] - Loading weights from deep_sort_pytorch/deep_sort/deep/checkpoint/ckpt.t7... Done!
[2025-05-01 13:56:25,280][root.tracker][INFO] - Loading weights from deep_sort_pytorch/deep_sort/deep/checkpoint/ckpt.t7... Done!
[2025-05-01 19:53:59,176][root.tracker][INFO] - Loading weights from deep_sort_pytorch/deep_sort/deep/checkpoint/ckpt.t7... Done!
[2025-05-01 20:21:30,142][root.tracker][INFO] - Loading weights from deep_sort_pytorch/deep_sort/deep/checkpoint/ckpt.t7... Done!
[2025-05-01 20:21:56,053][root.tracker][INFO] - Loading weights from deep_sort_pytorch/deep_sort/deep/checkpoint/ckpt.t7... Done!
[2025-05-01 20:27:49,188][root.tracker][INFO] - Loading weights from deep_sort_pytorch/deep_sort/deep/checkpoint/ckpt.t7... Done!
[2025-05-01 20:31:24,794][root.tracker][INFO] - Loading weights from deep_sort_pytorch/deep_sort/deep/checkpoint/ckpt.t7... Done!
[2025-05-01 21:15:03,677][root.tracker][INFO] - Loading weights from deep_sort_pytorch/deep_sort/deep/checkpoint/ckpt.t7... Done!
[2025-05-01 21:17:59,464][root.tracker][INFO] - Loading weights from deep_sort_pytorch/deep_sort/deep/checkpoint/ckpt.t7... Done!
[2025-05-01 21:22:25,357][root.tracker][INFO] - Loading weights from deep_sort_pytorch/deep_sort/deep/checkpoint/ckpt.t7... Done!
[2025-05-01 21:30:05,239][root.tracker][INFO] - Loading weights from deep_sort_pytorch/deep_sort/deep/checkpoint/ckpt.t7... Done!
[2025-05-01 22:01:58,117][root.tracker][INFO] - Loading weights from deep_sort_pytorch/deep_sort/deep/checkpoint/ckpt.t7... Done!
[2025-05-04 17:04:04,328][root.tracker][INFO] - Loading weights from deep_sort_pytorch/deep_sort/deep/checkpoint/ckpt.t7... Done!
[2025-05-04 17:05:00,697][root.tracker][INFO] - Loading weights from deep_sort_pytorch/deep_sort/deep/checkpoint/ckpt.t7... Done!
[2025-05-06 12:50:23,730][root.tracker][INFO] - Loading weights from deep_sort_pytorch/deep_sort/deep/checkpoint/ckpt.t7... Done!
[2025-05-06 13:08:48,276][root.tracker][INFO] - Loading weights from deep_sort_pytorch/deep_sort/deep/checkpoint/ckpt.t7... Done!
[2025-05-06 13:11:40,664][root.tracker][INFO] - Loading weights from deep_sort_pytorch/deep_sort/deep/checkpoint/ckpt.t7... Done!
[2025-05-06 13:18:26,808][root.tracker][INFO] - Loading weights from deep_sort_pytorch/deep_sort/deep/checkpoint/ckpt.t7... Done!
[2025-05-06 13:31:00,160][root.tracker][INFO] - Loading weights from deep_sort_pytorch/deep_sort/deep/checkpoint/ckpt.t7... Done!
[2025-05-06 14:44:13,266][root.tracker][INFO] - Loading weights from deep_sort_pytorch/deep_sort/deep/checkpoint/ckpt.t7... Done!
[2025-05-06 14:45:07,793][root.tracker][INFO] - Loading weights from deep_sort_pytorch/deep_sort/deep/checkpoint/ckpt.t7... Done!
[2025-05-07 10:56:41,713][root.tracker][INFO] - Loading weights from deep_sort_pytorch/deep_sort/deep/checkpoint/ckpt.t7... Done!
[2025-05-07 11:00:45,842][root.tracker][INFO] - Loading weights from deep_sort_pytorch/deep_sort/deep/checkpoint/ckpt.t7... Done!
[2025-05-07 11:03:45,082][root.tracker][INFO] - Loading weights from deep_sort_pytorch/deep_sort/deep/checkpoint/ckpt.t7... Done!
[2025-05-07 11:22:42,506][root.tracker][INFO] - Loading weights from deep_sort_pytorch/deep_sort/deep/checkpoint/ckpt.t7... Done!
[2025-05-07 12:06:37,269][root.tracker][INFO] - Loading weights from deep_sort_pytorch/deep_sort/deep/checkpoint/ckpt.t7... Done!
[2025-05-07 12:06:58,499][root.tracker][INFO] - Loading weights from deep_sort_pytorch/deep_sort/deep/checkpoint/ckpt.t7... Done!
[2025-05-07 12:44:15,843][root.tracker][INFO] - Loading weights from deep_sort_pytorch/deep_sort/deep/checkpoint/ckpt.t7... Done!
[2025-05-07 12:59:53,946][root.tracker][INFO] - Loading weights from deep_sort_pytorch/deep_sort/deep/checkpoint/ckpt.t7... Done!
[2025-05-07 13:19:43,080][root.tracker][INFO] - Loading weights from deep_sort_pytorch/deep_sort/deep/checkpoint/ckpt.t7... Done!
[2025-05-07 13:22:30,060][root.tracker][INFO] - Loading weights from deep_sort_pytorch/deep_sort/deep/checkpoint/ckpt.t7... Done!
[2025-05-07 13:23:34,348][root.tracker][INFO] - Loading weights from deep_sort_pytorch/deep_sort/deep/checkpoint/ckpt.t7... Done!
[2025-05-07 13:27:09,971][root.tracker][INFO] - Loading weights from deep_sort_pytorch/deep_sort/deep/checkpoint/ckpt.t7... Done!
[2025-05-07 13:33:09,451][root.tracker][INFO] - Loading weights from deep_sort_pytorch/deep_sort/deep/checkpoint/ckpt.t7... Done!
[2025-05-07 13:38:31,925][root.tracker][INFO] - Loading weights from deep_sort_pytorch/deep_sort/deep/checkpoint/ckpt.t7... Done!
[2025-05-07 13:45:47,573][root.tracker][INFO] - Loading weights from deep_sort_pytorch/deep_sort/deep/checkpoint/ckpt.t7... Done!
[2025-05-07 13:49:06,314][root.tracker][INFO] - Loading weights from deep_sort_pytorch/deep_sort/deep/checkpoint/ckpt.t7... Done!
[2025-05-07 13:50:02,316][root.tracker][INFO] - Loading weights from deep_sort_pytorch/deep_sort/deep/checkpoint/ckpt.t7... Done!
[2025-05-07 13:50:48,678][root.tracker][INFO] - Loading weights from deep_sort_pytorch/deep_sort/deep/checkpoint/ckpt.t7... Done!
[2025-05-07 14:15:53,217][root.tracker][INFO] - Loading weights from deep_sort_pytorch/deep_sort/deep/checkpoint/ckpt.t7... Done!
[2025-05-07 14:21:34,403][root.tracker][INFO] - Loading weights from deep_sort_pytorch/deep_sort/deep/checkpoint/ckpt.t7... Done!
[2025-05-07 14:30:02,076][root.tracker][INFO] - Loading weights from deep_sort_pytorch/deep_sort/deep/checkpoint/ckpt.t7... Done!
[2025-05-07 14:32:54,394][root.tracker][INFO] - Loading weights from deep_sort_pytorch/deep_sort/deep/checkpoint/ckpt.t7... Done!
[2025-05-07 15:17:46,621][root.tracker][INFO] - Loading weights from deep_sort_pytorch/deep_sort/deep/checkpoint/ckpt.t7... Done!
[2025-05-07 15:39:22,810][root.tracker][INFO] - Loading weights from deep_sort_pytorch/deep_sort/deep/checkpoint/ckpt.t7... Done!
[2025-05-07 15:51:04,586][root.tracker][INFO] - Loading weights from deep_sort_pytorch/deep_sort/deep/checkpoint/ckpt.t7... Done!
[2025-05-07 16:07:07,338][root.tracker][INFO] - Loading weights from deep_sort_pytorch/deep_sort/deep/checkpoint/ckpt.t7... Done!
[2025-05-07 16:09:43,603][root.tracker][INFO] - Loading weights from deep_sort_pytorch/deep_sort/deep/checkpoint/ckpt.t7... Done!
[2025-05-07 16:12:18,625][root.tracker][INFO] - Loading weights from deep_sort_pytorch/deep_sort/deep/checkpoint/ckpt.t7... Done!
[2025-05-08 11:52:34,890][root.tracker][INFO] - Loading weights from deep_sort_pytorch/deep_sort/deep/checkpoint/ckpt.t7... Done!
[2025-05-08 12:08:16,743][root.tracker][INFO] - Loading weights from deep_sort_pytorch/deep_sort/deep/checkpoint/ckpt.t7... Done!
[2025-05-08 12:11:52,865][root.tracker][INFO] - Loading weights from deep_sort_pytorch/deep_sort/deep/checkpoint/ckpt.t7... Done!
[2025-05-08 12:18:17,280][root.tracker][INFO] - Loading weights from deep_sort_pytorch/deep_sort/deep/checkpoint/ckpt.t7... Done!
[2025-05-08 13:00:08,366][root.tracker][INFO] - Loading weights from deep_sort_pytorch/deep_sort/deep/checkpoint/ckpt.t7... Done!
[2025-05-08 13:35:02,503][root.tracker][INFO] - Loading weights from deep_sort_pytorch/deep_sort/deep/checkpoint/ckpt.t7... Done!
[2025-05-08 13:49:29,064][root.tracker][INFO] - Loading weights from deep_sort_pytorch/deep_sort/deep/checkpoint/ckpt.t7... Done!
[2025-05-08 14:07:03,939][root.tracker][INFO] - Loading weights from deep_sort_pytorch/deep_sort/deep/checkpoint/ckpt.t7... Done!
[2025-05-08 14:12:29,433][root.tracker][INFO] - Loading weights from deep_sort_pytorch/deep_sort/deep/checkpoint/ckpt.t7... Done!
[2025-05-08 15:01:07,320][root.tracker][INFO] - Loading weights from deep_sort_pytorch/deep_sort/deep/checkpoint/ckpt.t7... Done!
[2025-05-08 15:28:54,509][root.tracker][INFO] - Loading weights from deep_sort_pytorch/deep_sort/deep/checkpoint/ckpt.t7... Done!
[2025-05-08 15:47:57,844][root.tracker][INFO] - Loading weights from deep_sort_pytorch/deep_sort/deep/checkpoint/ckpt.t7... Done!
[2025-05-09 16:29:35,565][root.tracker][INFO] - Loading weights from deep_sort_pytorch/deep_sort/deep/checkpoint/ckpt.t7... Done!
[2025-05-09 16:59:12,691][root.tracker][INFO] - Loading weights from deep_sort_pytorch/deep_sort/deep/checkpoint/ckpt.t7... Done!
[2025-05-09 17:05:50,516][root.tracker][INFO] - Loading weights from deep_sort_pytorch/deep_sort/deep/checkpoint/ckpt.t7... Done!
[2025-05-10 16:14:04,539][root.tracker][INFO] - Loading weights from deep_sort_pytorch/deep_sort/deep/checkpoint/ckpt.t7... Done!
[2025-05-10 16:15:16,565][urllib3.connectionpool][WARNING] - Retrying (Retry(total=9, connect=1, read=0, redirect=None, status=4)) after connection broken by 'RemoteDisconnected('Remote end closed connection without response')': /traffic_history.json
[2025-05-10 22:51:14,552][root.tracker][INFO] - Loading weights from deep_sort_pytorch/deep_sort/deep/checkpoint/ckpt.t7... Done!
[2025-05-11 11:48:53,914][root.tracker][INFO] - Loading weights from deep_sort_pytorch/deep_sort/deep/checkpoint/ckpt.t7... Done!
[2025-05-11 11:50:07,210][root.tracker][INFO] - Loading weights from deep_sort_pytorch/deep_sort/deep/checkpoint/ckpt.t7... Done!
[2025-05-11 11:51:30,132][root.tracker][INFO] - Loading weights from deep_sort_pytorch/deep_sort/deep/checkpoint/ckpt.t7... Done!
[2025-05-11 12:00:58,602][root.tracker][INFO] - Loading weights from deep_sort_pytorch/deep_sort/deep/checkpoint/ckpt.t7... Done!
[2025-05-11 12:41:56,984][root.tracker][INFO] - Loading weights from deep_sort_pytorch/deep_sort/deep/checkpoint/ckpt.t7... Done!
[2025-05-11 12:53:44,492][root.tracker][INFO] - Loading weights from deep_sort_pytorch/deep_sort/deep/checkpoint/ckpt.t7... Done!
[2025-05-11 13:06:33,793][root.tracker][INFO] - Loading weights from deep_sort_pytorch/deep_sort/deep/checkpoint/ckpt.t7... Done!
[2025-05-11 14:14:24,012][root.tracker][INFO] - Loading weights from deep_sort_pytorch/deep_sort/deep/checkpoint/ckpt.t7... Done!
[2025-05-11 14:37:15,935][root.tracker][INFO] - Loading weights from deep_sort_pytorch/deep_sort/deep/checkpoint/ckpt.t7... Done!
[2025-05-11 14:53:48,427][root.tracker][INFO] - Loading weights from deep_sort_pytorch/deep_sort/deep/checkpoint/ckpt.t7... Done!
[2025-05-11 15:11:56,410][root.tracker][INFO] - Loading weights from deep_sort_pytorch/deep_sort/deep/checkpoint/ckpt.t7... Done!
[2025-05-11 15:30:59,748][root.tracker][INFO] - Loading weights from deep_sort_pytorch/deep_sort/deep/checkpoint/ckpt.t7... Done!
[2025-05-11 22:48:23,010][root.tracker][INFO] - Loading weights from deep_sort_pytorch/deep_sort/deep/checkpoint/ckpt.t7... Done!
[2025-05-13 13:01:51,623][root.tracker][INFO] - Loading weights from deep_sort_pytorch/deep_sort/deep/checkpoint/ckpt.t7... Done!
[2025-05-13 13:10:46,667][root.tracker][INFO] - Loading weights from deep_sort_pytorch/deep_sort/deep/checkpoint/ckpt.t7... Done!
[2025-05-13 13:29:54,128][root.tracker][INFO] - Loading weights from deep_sort_pytorch/deep_sort/deep/checkpoint/ckpt.t7... Done!
[2025-05-13 13:46:30,852][root.tracker][INFO] - Loading weights from deep_sort_pytorch/deep_sort/deep/checkpoint/ckpt.t7... Done!
[2025-05-13 13:48:32,152][root.tracker][INFO] - Loading weights from deep_sort_pytorch/deep_sort/deep/checkpoint/ckpt.t7... Done!
[2025-05-13 13:50:29,685][root.tracker][INFO] - Loading weights from deep_sort_pytorch/deep_sort/deep/checkpoint/ckpt.t7... Done!
[2025-05-13 17:48:19,501][root.tracker][INFO] - Loading weights from deep_sort_pytorch/deep_sort/deep/checkpoint/ckpt.t7... Done!
[2025-05-13 17:49:23,956][root.tracker][INFO] - Loading weights from deep_sort_pytorch/deep_sort/deep/checkpoint/ckpt.t7... Done!
[2025-05-13 17:50:31,063][root.tracker][INFO] - Loading weights from deep_sort_pytorch/deep_sort/deep/checkpoint/ckpt.t7... Done!
[2025-05-13 17:51:15,547][root.tracker][INFO] - Loading weights from deep_sort_pytorch/deep_sort/deep/checkpoint/ckpt.t7... Done!
[2025-05-13 17:56:55,079][root.tracker][INFO] - Loading weights from deep_sort_pytorch/deep_sort/deep/checkpoint/ckpt.t7... Done!
[2025-05-13 17:59:48,853][root.tracker][INFO] - Loading weights from deep_sort_pytorch/deep_sort/deep/checkpoint/ckpt.t7... Done!
[2025-05-13 18:07:44,688][root.tracker][INFO] - Loading weights from deep_sort_pytorch/deep_sort/deep/checkpoint/ckpt.t7... Done!
[2025-05-13 18:15:26,285][root.tracker][INFO] - Loading weights from deep_sort_pytorch/deep_sort/deep/checkpoint/ckpt.t7... Done!
[2025-05-13 18:16:43,511][root.tracker][INFO] - Loading weights from deep_sort_pytorch/deep_sort/deep/checkpoint/ckpt.t7... Done!
[2025-05-13 18:22:55,860][root.tracker][INFO] - Loading weights from deep_sort_pytorch/deep_sort/deep/checkpoint/ckpt.t7... Done!
[2025-05-13 18:34:12,729][root.tracker][INFO] - Loading weights from deep_sort_pytorch/deep_sort/deep/checkpoint/ckpt.t7... Done!
[2025-05-13 18:39:03,500][root.tracker][INFO] - Loading weights from deep_sort_pytorch/deep_sort/deep/checkpoint/ckpt.t7... Done!
[2025-05-14 04:43:53,195][root.tracker][INFO] - Loading weights from deep_sort_pytorch/deep_sort/deep/checkpoint/ckpt.t7... Done!
[2025-05-14 05:02:09,150][root.tracker][INFO] - Loading weights from deep_sort_pytorch/deep_sort/deep/checkpoint/ckpt.t7... Done!
[2025-05-14 05:04:16,660][root.tracker][INFO] - Loading weights from deep_sort_pytorch/deep_sort/deep/checkpoint/ckpt.t7... Done!
[2025-05-14 05:05:26,031][root.tracker][INFO] - Loading weights from deep_sort_pytorch/deep_sort/deep/checkpoint/ckpt.t7... Done!
[2025-05-14 05:06:13,294][root.tracker][INFO] - Loading weights from deep_sort_pytorch/deep_sort/deep/checkpoint/ckpt.t7... Done!
[2025-05-14 05:08:53,105][root.tracker][INFO] - Loading weights from deep_sort_pytorch/deep_sort/deep/checkpoint/ckpt.t7... Done!
[2025-05-14 05:10:08,279][root.tracker][INFO] - Loading weights from deep_sort_pytorch/deep_sort/deep/checkpoint/ckpt.t7... Done!
[2025-05-14 05:10:35,796][root.tracker][INFO] - Loading weights from deep_sort_pytorch/deep_sort/deep/checkpoint/ckpt.t7... Done!
[2025-05-14 05:13:52,440][root.tracker][INFO] - Loading weights from deep_sort_pytorch/deep_sort/deep/checkpoint/ckpt.t7... Done!
[2025-05-14 05:22:39,288][root.tracker][INFO] - Loading weights from deep_sort_pytorch/deep_sort/deep/checkpoint/ckpt.t7... Done!
[2025-05-14 05:37:23,162][root.tracker][INFO] - Loading weights from deep_sort_pytorch/deep_sort/deep/checkpoint/ckpt.t7... Done!
[2025-05-14 05:51:04,655][root.tracker][INFO] - Loading weights from deep_sort_pytorch/deep_sort/deep/checkpoint/ckpt.t7... Done!
[2025-05-14 06:03:21,605][root.tracker][INFO] - Loading weights from deep_sort_pytorch/deep_sort/deep/checkpoint/ckpt.t7... Done!
[2025-05-14 10:30:57,405][root.tracker][INFO] - Loading weights from deep_sort_pytorch/deep_sort/deep/checkpoint/ckpt.t7... Done!
[2025-05-14 10:43:55,876][root.tracker][INFO] - Loading weights from deep_sort_pytorch/deep_sort/deep/checkpoint/ckpt.t7... Done!
[2025-05-14 10:53:00,487][root.tracker][INFO] - Loading weights from deep_sort_pytorch/deep_sort/deep/checkpoint/ckpt.t7... Done!
[2025-05-14 10:59:36,778][root.tracker][INFO] - Loading weights from deep_sort_pytorch/deep_sort/deep/checkpoint/ckpt.t7... Done!
[2025-05-14 11:10:22,668][root.tracker][INFO] - Loading weights from deep_sort_pytorch/deep_sort/deep/checkpoint/ckpt.t7... Done!
[2025-05-14 11:33:21,757][root.tracker][INFO] - Loading weights from deep_sort_pytorch/deep_sort/deep/checkpoint/ckpt.t7... Done!
[2025-05-14 12:03:25,526][root.tracker][INFO] - Loading weights from deep_sort_pytorch/deep_sort/deep/checkpoint/ckpt.t7... Done!
[2025-05-14 12:32:47,482][root.tracker][INFO] - Loading weights from deep_sort_pytorch/deep_sort/deep/checkpoint/ckpt.t7... Done!
[2025-05-14 13:34:00,423][root.tracker][INFO] - Loading weights from deep_sort_pytorch/deep_sort/deep/checkpoint/ckpt.t7... Done!
[2025-05-14 13:41:38,553][root.tracker][INFO] - Loading weights from deep_sort_pytorch/deep_sort/deep/checkpoint/ckpt.t7... Done!
[2025-05-14 13:41:54,315][root.tracker][INFO] - Loading weights from deep_sort_pytorch/deep_sort/deep/checkpoint/ckpt.t7... Done!
[2025-05-14 13:59:06,007][root.tracker][INFO] - Loading weights from deep_sort_pytorch/deep_sort/deep/checkpoint/ckpt.t7... Done!
[2025-05-14 14:09:50,095][root.tracker][INFO] - Loading weights from deep_sort_pytorch/deep_sort/deep/checkpoint/ckpt.t7... Done!
[2025-05-15 10:16:26,014][root.tracker][INFO] - Loading weights from deep_sort_pytorch/deep_sort/deep/checkpoint/ckpt.t7... Done!
[2025-05-15 10:24:19,170][root.tracker][INFO] - Loading weights from deep_sort_pytorch/deep_sort/deep/checkpoint/ckpt.t7... Done!
[2025-05-15 10:27:45,236][root.tracker][INFO] - Loading weights from deep_sort_pytorch/deep_sort/deep/checkpoint/ckpt.t7... Done!
[2025-05-15 10:34:41,745][root.tracker][INFO] - Loading weights from deep_sort_pytorch/deep_sort/deep/checkpoint/ckpt.t7... Done!
[2025-05-15 10:36:57,385][root.tracker][INFO] - Loading weights from deep_sort_pytorch/deep_sort/deep/checkpoint/ckpt.t7... Done!
[2025-05-15 10:37:38,125][root.tracker][INFO] - Loading weights from deep_sort_pytorch/deep_sort/deep/checkpoint/ckpt.t7... Done!
[2025-05-15 10:38:21,403][root.tracker][INFO] - Loading weights from deep_sort_pytorch/deep_sort/deep/checkpoint/ckpt.t7... Done!
[2025-05-15 10:40:19,789][root.tracker][INFO] - Loading weights from deep_sort_pytorch/deep_sort/deep/checkpoint/ckpt.t7... Done!
[2025-05-15 10:40:50,970][root.tracker][INFO] - Loading weights from deep_sort_pytorch/deep_sort/deep/checkpoint/ckpt.t7... Done!
[2025-05-15 10:59:38,961][root.tracker][INFO] - Loading weights from deep_sort_pytorch/deep_sort/deep/checkpoint/ckpt.t7... Done!
[2025-05-18 11:14:59,805][root.tracker][INFO] - Loading weights from deep_sort_pytorch/deep_sort/deep/checkpoint/ckpt.t7... Done!
[2025-05-18 11:22:28,261][root.tracker][INFO] - Loading weights from deep_sort_pytorch/deep_sort/deep/checkpoint/ckpt.t7... Done!
[2025-05-18 11:24:00,108][root.tracker][INFO] - Loading weights from deep_sort_pytorch/deep_sort/deep/checkpoint/ckpt.t7... Done!
[2025-05-18 11:57:35,100][root.tracker][INFO] - Loading weights from deep_sort_pytorch/deep_sort/deep/checkpoint/ckpt.t7... Done!
[2025-05-18 12:11:56,725][root.tracker][INFO] - Loading weights from deep_sort_pytorch/deep_sort/deep/checkpoint/ckpt.t7... Done!
[2025-05-18 12:17:54,115][root.tracker][INFO] - Loading weights from deep_sort_pytorch/deep_sort/deep/checkpoint/ckpt.t7... Done!
[2025-05-18 12:19:51,061][root.tracker][INFO] - Loading weights from deep_sort_pytorch/deep_sort/deep/checkpoint/ckpt.t7... Done!
[2025-05-18 12:24:13,107][root.tracker][INFO] - Loading weights from deep_sort_pytorch/deep_sort/deep/checkpoint/ckpt.t7... Done!
[2025-05-18 12:26:58,930][root.tracker][INFO] - Loading weights from deep_sort_pytorch/deep_sort/deep/checkpoint/ckpt.t7... Done!
[2025-05-18 12:30:24,555][root.tracker][INFO] - Loading weights from deep_sort_pytorch/deep_sort/deep/checkpoint/ckpt.t7... Done!
[2025-05-18 12:33:41,255][root.tracker][INFO] - Loading weights from deep_sort_pytorch/deep_sort/deep/checkpoint/ckpt.t7... Done!
[2025-05-20 10:20:25,314][root.tracker][INFO] - Loading weights from deep_sort_pytorch/deep_sort/deep/checkpoint/ckpt.t7... Done!
[2025-05-20 10:26:20,398][root.tracker][INFO] - Loading weights from deep_sort_pytorch/deep_sort/deep/checkpoint/ckpt.t7... Done!
[2025-05-20 14:56:14,080][root.tracker][INFO] - Loading weights from deep_sort_pytorch/deep_sort/deep/checkpoint/ckpt.t7... Done!
[2025-05-20 14:59:59,195][root.tracker][INFO] - Loading weights from deep_sort_pytorch/deep_sort/deep/checkpoint/ckpt.t7... Done!
[2025-05-20 23:32:53,890][root.tracker][INFO] - Loading weights from deep_sort_pytorch/deep_sort/deep/checkpoint/ckpt.t7... Done!
[2025-05-21 00:21:00,799][root.tracker][INFO] - Loading weights from deep_sort_pytorch/deep_sort/deep/checkpoint/ckpt.t7... Done!
[2025-05-21 00:55:17,660][root.tracker][INFO] - Loading weights from deep_sort_pytorch/deep_sort/deep/checkpoint/ckpt.t7... Done!
[2025-05-21 11:21:55,154][root.tracker][INFO] - Loading weights from deep_sort_pytorch/deep_sort/deep/checkpoint/ckpt.t7... Done!
[2025-05-21 11:24:31,892][root.tracker][INFO] - Loading weights from deep_sort_pytorch/deep_sort/deep/checkpoint/ckpt.t7... Done!
[2025-05-21 11:27:18,682][root.tracker][INFO] - Loading weights from deep_sort_pytorch/deep_sort/deep/checkpoint/ckpt.t7... Done!
[2025-05-21 12:40:50,119][root.tracker][INFO] - Loading weights from deep_sort_pytorch/deep_sort/deep/checkpoint/ckpt.t7... Done!
[2025-05-21 12:42:19,161][root.tracker][INFO] - Loading weights from deep_sort_pytorch/deep_sort/deep/checkpoint/ckpt.t7... Done!
[2025-05-21 12:44:39,509][root.tracker][INFO] - Loading weights from deep_sort_pytorch/deep_sort/deep/checkpoint/ckpt.t7... Done!
[2025-05-21 12:54:02,481][root.tracker][INFO] - Loading weights from deep_sort_pytorch/deep_sort/deep/checkpoint/ckpt.t7... Done!
[2025-05-21 12:55:37,307][urllib3.connectionpool][WARNING] - Retrying (Retry(total=9, connect=1, read=0, redirect=None, status=4)) after connection broken by 'RemoteDisconnected('Remote end closed connection without response')': /traffic_snapshot.json?print=silent
[2025-05-21 12:55:38,349][urllib3.connectionpool][WARNING] - Retrying (Retry(total=8, connect=0, read=0, redirect=None, status=4)) after connection broken by 'NameResolutionError("<urllib3.connection.HTTPSConnection object at 0x000001CC5E753640>: Failed to resolve 'realtimevehicle-c14f0-default-rtdb.asia-southeast1.firebasedatabase.app' ([Errno 11001] getaddrinfo failed)")': /traffic_snapshot.json?print=silent
[2025-05-21 13:02:26,919][root.tracker][INFO] - Loading weights from deep_sort_pytorch/deep_sort/deep/checkpoint/ckpt.t7... Done!
[2025-05-21 13:18:29,984][root.tracker][INFO] - Loading weights from deep_sort_pytorch/deep_sort/deep/checkpoint/ckpt.t7... Done!
[2025-05-21 13:22:57,764][root.tracker][INFO] - Loading weights from deep_sort_pytorch/deep_sort/deep/checkpoint/ckpt.t7... Done!
[2025-05-21 13:38:09,944][urllib3.connectionpool][WARNING] - Retrying (Retry(total=9, connect=0, read=1, redirect=None, status=4)) after connection broken by 'NameResolutionError("<urllib3.connection.HTTPSConnection object at 0x000002591B833E50>: Failed to resolve 'realtimevehicle-c14f0-default-rtdb.asia-southeast1.firebasedatabase.app' ([Errno 11001] getaddrinfo failed)")': /traffic_snapshot.json?print=silent
[2025-05-21 13:38:09,946][urllib3.connectionpool][WARNING] - Retrying (Retry(total=9, connect=0, read=1, redirect=None, status=4)) after connection broken by 'NameResolutionError("<urllib3.connection.HTTPSConnection object at 0x000002591A09B550>: Failed to resolve 'realtimevehicle-c14f0-default-rtdb.asia-southeast1.firebasedatabase.app' ([Errno 11001] getaddrinfo failed)")': /traffic_snapshot/current_data.json?print=silent
[2025-05-21 20:44:57,405][root.tracker][INFO] - Loading weights from deep_sort_pytorch/deep_sort/deep/checkpoint/ckpt.t7... Done!
[2025-05-21 21:04:27,466][root.tracker][INFO] - Loading weights from deep_sort_pytorch/deep_sort/deep/checkpoint/ckpt.t7... Done!
[2025-05-21 21:04:55,927][root.tracker][INFO] - Loading weights from deep_sort_pytorch/deep_sort/deep/checkpoint/ckpt.t7... Done!
[2025-05-21 21:48:02,163][root.tracker][INFO] - Loading weights from deep_sort_pytorch/deep_sort/deep/checkpoint/ckpt.t7... Done!
[2025-05-21 22:02:35,378][root.tracker][INFO] - Loading weights from deep_sort_pytorch/deep_sort/deep/checkpoint/ckpt.t7... Done!
[2025-05-21 22:20:02,373][root.tracker][INFO] - Loading weights from deep_sort_pytorch/deep_sort/deep/checkpoint/ckpt.t7... Done!
[2025-05-21 22:22:46,637][root.tracker][INFO] - Loading weights from deep_sort_pytorch/deep_sort/deep/checkpoint/ckpt.t7... Done!
[2025-05-21 22:30:41,268][root.tracker][INFO] - Loading weights from deep_sort_pytorch/deep_sort/deep/checkpoint/ckpt.t7... Done!
[2025-05-21 23:02:29,837][root.tracker][INFO] - Loading weights from deep_sort_pytorch/deep_sort/deep/checkpoint/ckpt.t7... Done!
[2025-05-21 23:05:20,323][root.tracker][INFO] - Loading weights from deep_sort_pytorch/deep_sort/deep/checkpoint/ckpt.t7... Done!
[2025-05-21 23:40:47,488][urllib3.connectionpool][WARNING] - Retrying (Retry(total=9, connect=1, read=0, redirect=None, status=4)) after connection broken by 'RemoteDisconnected('Remote end closed connection without response')': /traffic_snapshot/current_data.json?print=silent
[2025-05-22 02:12:33,334][root.tracker][INFO] - Loading weights from deep_sort_pytorch/deep_sort/deep/checkpoint/ckpt.t7... Done!
[2025-05-22 02:19:00,311][root.tracker][INFO] - Loading weights from deep_sort_pytorch/deep_sort/deep/checkpoint/ckpt.t7... Done!
[2025-05-22 10:06:53,911][root.tracker][INFO] - Loading weights from deep_sort_pytorch/deep_sort/deep/checkpoint/ckpt.t7... Done!
[2025-05-22 10:21:48,374][root.tracker][INFO] - Loading weights from deep_sort_pytorch/deep_sort/deep/checkpoint/ckpt.t7... Done!
[2025-05-22 10:46:11,094][root.tracker][INFO] - Loading weights from deep_sort_pytorch/deep_sort/deep/checkpoint/ckpt.t7... Done!
[2025-05-22 10:48:54,362][root.tracker][INFO] - Loading weights from deep_sort_pytorch/deep_sort/deep/checkpoint/ckpt.t7... Done!
[2025-05-23 15:28:31,585][root.tracker][INFO] - Loading weights from deep_sort_pytorch/deep_sort/deep/checkpoint/ckpt.t7... Done!
[2025-05-23 16:06:04,655][root.tracker][INFO] - Loading weights from deep_sort_pytorch/deep_sort/deep/checkpoint/ckpt.t7... Done!
[2025-05-26 08:50:27,479][root.tracker][INFO] - Loading weights from deep_sort_pytorch/deep_sort/deep/checkpoint/ckpt.t7... Done!
[2025-05-26 12:11:33,129][root.tracker][INFO] - Loading weights from deep_sort_pytorch/deep_sort/deep/checkpoint/ckpt.t7... Done!
